  Enemy.cpp
c:\users\user\documents\dxlibgame\dxlibgame\dxlibgame\src\enemy.cpp(46): warning C4244: '初期化中': 'float' から 'int' への変換です。データが失われる可能性があります。
c:\users\user\documents\dxlibgame\dxlibgame\dxlibgame\src\enemy.cpp(47): warning C4244: '初期化中': 'float' から 'int' への変換です。データが失われる可能性があります。
c:\users\user\documents\dxlibgame\dxlibgame\dxlibgame\src\enemy.cpp(53): warning C4244: '=': 'int' から 'float' への変換です。データが失われる可能性があります。
c:\users\user\documents\dxlibgame\dxlibgame\dxlibgame\src\enemy.cpp(59): warning C4244: '=': 'int' から 'float' への変換です。データが失われる可能性があります。
c:\users\user\documents\dxlibgame\dxlibgame\dxlibgame\src\enemy.cpp(65): warning C4244: '初期化中': 'float' から 'int' への変換です。データが失われる可能性があります。
c:\users\user\documents\dxlibgame\dxlibgame\dxlibgame\src\enemy.cpp(66): warning C4244: '初期化中': 'float' から 'int' への変換です。データが失われる可能性があります。
c:\users\user\documents\dxlibgame\dxlibgame\dxlibgame\src\enemy.cpp(71): warning C4244: '=': 'int' から 'float' への変換です。データが失われる可能性があります。
c:\users\user\documents\dxlibgame\dxlibgame\dxlibgame\src\enemy.cpp(77): warning C4244: '=': 'int' から 'float' への変換です。データが失われる可能性があります。
c:\users\user\documents\dxlibgame\dxlibgame\dxlibgame\src\enemy.cpp(84): warning C4244: '初期化中': 'float' から 'int' への変換です。データが失われる可能性があります。
c:\users\user\documents\dxlibgame\dxlibgame\dxlibgame\src\enemy.cpp(85): warning C4244: '初期化中': 'float' から 'int' への変換です。データが失われる可能性があります。
c:\users\user\documents\dxlibgame\dxlibgame\dxlibgame\src\enemy.cpp(99): warning C4244: '初期化中': 'float' から 'int' への変換です。データが失われる可能性があります。
c:\users\user\documents\dxlibgame\dxlibgame\dxlibgame\src\enemy.cpp(100): warning C4244: '初期化中': 'float' から 'int' への変換です。データが失われる可能性があります。
c:\users\user\documents\dxlibgame\dxlibgame\dxlibgame\src\enemy.cpp(104): warning C4244: '=': 'int' から 'float' への変換です。データが失われる可能性があります。
c:\users\user\documents\dxlibgame\dxlibgame\dxlibgame\src\enemy.cpp(108): warning C4244: '=': 'int' から 'float' への変換です。データが失われる可能性があります。
c:\users\user\documents\dxlibgame\dxlibgame\dxlibgame\src\enemy.cpp(113): warning C4244: '=': 'int' から 'float' への変換です。データが失われる可能性があります。
c:\users\user\documents\dxlibgame\dxlibgame\dxlibgame\src\enemy.cpp(117): warning C4244: '=': 'int' から 'float' への変換です。データが失われる可能性があります。
c:\users\user\documents\dxlibgame\dxlibgame\dxlibgame\src\enemy.cpp(136): warning C4244: '引数': 'float' から 'int' への変換です。データが失われる可能性があります。
c:\users\user\documents\dxlibgame\dxlibgame\dxlibgame\src\enemy.cpp(137): warning C4244: '引数': 'float' から 'int' への変換です。データが失われる可能性があります。
  DXlibGame.vcxproj -> C:\Users\user\Documents\DxLibGame\DXlibGame\x64\Debug\DXlibGame.exe
